TN:
SF:src/App.tsx
FN:23,App
FN:36,(anonymous_1)
FN:41,(anonymous_2)
FN:43,(anonymous_3)
FN:64,(anonymous_4)
FN:67,(anonymous_5)
FN:71,(anonymous_6)
FN:77,(anonymous_7)
FN:98,(anonymous_8)
FN:102,(anonymous_9)
FN:107,(anonymous_10)
FN:111,(anonymous_11)
FN:118,(anonymous_12)
FN:135,(anonymous_13)
FN:140,(anonymous_14)
FN:141,(anonymous_15)
FN:144,(anonymous_16)
FN:179,(anonymous_17)
FN:180,(anonymous_18)
FN:180,(anonymous_19)
FN:184,(anonymous_20)
FN:185,(anonymous_21)
FN:185,(anonymous_22)
FN:206,(anonymous_23)
FN:245,(anonymous_24)
FN:291,(anonymous_25)
FN:291,(anonymous_26)
FN:306,(anonymous_27)
FN:322,(anonymous_28)
FN:322,(anonymous_29)
FN:344,(anonymous_30)
FNF:31
FNH:19
FNDA:15,App
FNDA:2,(anonymous_1)
FNDA:2,(anonymous_2)
FNDA:2,(anonymous_3)
FNDA:2,(anonymous_4)
FNDA:0,(anonymous_5)
FNDA:1,(anonymous_6)
FNDA:1,(anonymous_7)
FNDA:1,(anonymous_8)
FNDA:1,(anonymous_9)
FNDA:1,(anonymous_10)
FNDA:1,(anonymous_11)
FNDA:146,(anonymous_12)
FNDA:4,(anonymous_13)
FNDA:146,(anonymous_14)
FNDA:146,(anonymous_15)
FNDA:7,(anonymous_16)
FNDA:0,(anonymous_17)
FNDA:0,(anonymous_18)
FNDA:0,(anonymous_19)
FNDA:0,(anonymous_20)
FNDA:0,(anonymous_21)
FNDA:0,(anonymous_22)
FNDA:1,(anonymous_23)
FNDA:1,(anonymous_24)
FNDA:0,(anonymous_25)
FNDA:0,(anonymous_26)
FNDA:0,(anonymous_27)
FNDA:0,(anonymous_28)
FNDA:0,(anonymous_29)
FNDA:1,(anonymous_30)
DA:24,15
DA:25,15
DA:26,15
DA:27,15
DA:28,15
DA:29,15
DA:30,15
DA:31,15
DA:32,15
DA:33,15
DA:34,15
DA:36,15
DA:37,2
DA:38,2
DA:41,15
DA:42,2
DA:43,2
DA:44,2
DA:45,2
DA:46,2
DA:52,2
DA:53,1
DA:54,1
DA:56,1
DA:57,1
DA:58,1
DA:59,2
DA:61,0
DA:64,2
DA:67,15
DA:68,0
DA:71,15
DA:72,1
DA:73,1
DA:74,1
DA:77,15
DA:78,1
DA:79,0
DA:80,0
DA:82,1
DA:83,1
DA:84,1
DA:85,1
DA:86,0
DA:87,0
DA:88,0
DA:90,1
DA:91,1
DA:93,0
DA:94,0
DA:98,15
DA:99,1
DA:102,15
DA:103,1
DA:104,1
DA:107,15
DA:108,1
DA:111,15
DA:112,1
DA:113,1
DA:114,1
DA:118,15
DA:119,146
DA:122,146
DA:123,146
DA:125,146
DA:129,15
DA:130,15
DA:131,15
DA:132,15
DA:135,15
DA:136,4
DA:140,146
DA:141,146
DA:144,15
DA:145,7
DA:146,7
DA:148,7
DA:149,7
DA:150,14
DA:153,0
DA:154,0
DA:155,0
DA:157,0
DA:158,0
DA:159,0
DA:160,0
DA:161,0
DA:162,0
DA:163,0
DA:166,0
DA:167,0
DA:168,0
DA:169,0
DA:171,0
DA:172,0
DA:176,7
DA:179,15
DA:180,0
DA:181,0
DA:184,15
DA:185,0
DA:186,0
DA:190,15
DA:191,3
DA:206,1
DA:245,1
DA:291,0
DA:306,0
DA:322,0
DA:344,1
LF:111
LH:79
BRDA:52,0,0,1
BRDA:52,0,1,1
BRDA:57,1,0,0
BRDA:57,1,1,1
BRDA:58,2,0,1
BRDA:58,2,1,0
BRDA:58,3,0,0
BRDA:58,3,1,0
BRDA:78,4,0,0
BRDA:78,4,1,1
BRDA:85,5,0,0
BRDA:85,5,1,1
BRDA:119,6,0,146
BRDA:119,6,1,22
BRDA:119,6,2,22
BRDA:122,7,0,146
BRDA:122,7,1,0
BRDA:123,8,0,146
BRDA:123,8,1,0
BRDA:125,9,0,146
BRDA:125,9,1,124
BRDA:125,9,2,124
BRDA:148,10,0,7
BRDA:148,10,1,0
BRDA:153,11,0,0
BRDA:153,11,1,0
BRDA:159,12,0,0
BRDA:159,12,1,0
BRDA:185,13,0,0
BRDA:185,13,1,0
BRDA:190,14,0,3
BRDA:190,14,1,12
BRDA:191,15,0,3
BRDA:191,15,1,0
BRDA:191,15,2,0
BRDA:257,16,0,7
BRDA:257,16,1,5
BRDA:293,17,0,7
BRDA:293,17,1,0
BRDA:309,18,0,7
BRDA:309,18,1,7
BRDA:324,19,0,0
BRDA:324,19,1,7
BRF:43
BRH:24
end_of_record
TN:
SF:src/main.tsx
FNF:0
FNH:0
LF:0
LH:0
BRF:0
BRH:0
end_of_record
TN:
SF:src/components/AboutSection.tsx
FN:4,AboutSection
FNF:1
FNH:1
FNDA:1,AboutSection
LF:0
LH:0
BRF:0
BRH:0
end_of_record
TN:
SF:src/components/AddCourseDialog.tsx
FN:20,AddCourseDialog
FN:39,(anonymous_1)
FN:68,(anonymous_2)
FN:78,(anonymous_3)
FN:79,(anonymous_4)
FN:90,(anonymous_5)
FN:95,(anonymous_6)
FN:105,(anonymous_7)
FN:111,(anonymous_8)
FN:117,(anonymous_9)
FN:124,(anonymous_10)
FN:130,(anonymous_11)
FN:139,(anonymous_12)
FN:148,(anonymous_13)
FN:154,(anonymous_14)
FN:161,(anonymous_15)
FN:162,(anonymous_16)
FN:166,(anonymous_17)
FN:167,(anonymous_18)
FN:173,(anonymous_19)
FN:191,(anonymous_20)
FN:205,(anonymous_21)
FN:232,(anonymous_22)
FN:255,(anonymous_23)
FN:266,(anonymous_24)
FN:277,(anonymous_25)
FN:288,(anonymous_26)
FN:298,(anonymous_27)
FN:318,(anonymous_28)
FN:340,(anonymous_29)
FN:349,(anonymous_30)
FN:363,(anonymous_31)
FN:402,(anonymous_32)
FN:408,(anonymous_33)
FN:464,(anonymous_34)
FN:475,(anonymous_35)
FNF:36
FNH:22
FNDA:25,AddCourseDialog
FNDA:1,(anonymous_1)
FNDA:1,(anonymous_2)
FNDA:1,(anonymous_3)
FNDA:1,(anonymous_4)
FNDA:1,(anonymous_5)
FNDA:1,(anonymous_6)
FNDA:0,(anonymous_7)
FNDA:0,(anonymous_8)
FNDA:0,(anonymous_9)
FNDA:1,(anonymous_10)
FNDA:1,(anonymous_11)
FNDA:0,(anonymous_12)
FNDA:0,(anonymous_13)
FNDA:0,(anonymous_14)
FNDA:0,(anonymous_15)
FNDA:0,(anonymous_16)
FNDA:1,(anonymous_17)
FNDA:1,(anonymous_18)
FNDA:3,(anonymous_19)
FNDA:1,(anonymous_20)
FNDA:0,(anonymous_21)
FNDA:0,(anonymous_22)
FNDA:2,(anonymous_23)
FNDA:2,(anonymous_24)
FNDA:2,(anonymous_25)
FNDA:2,(anonymous_26)
FNDA:2,(anonymous_27)
FNDA:2,(anonymous_28)
FNDA:0,(anonymous_29)
FNDA:1,(anonymous_30)
FNDA:1,(anonymous_31)
FNDA:0,(anonymous_32)
FNDA:0,(anonymous_33)
FNDA:1,(anonymous_34)
FNDA:0,(anonymous_35)
DA:21,25
DA:31,25
DA:32,25
DA:33,25
DA:34,25
DA:35,25
DA:36,25
DA:39,25
DA:40,1
DA:41,1
DA:64,1
DA:68,25
DA:69,1
DA:70,1
DA:71,1
DA:72,1
DA:73,1
DA:74,1
DA:78,25
DA:79,1
DA:80,1
DA:82,1
DA:90,1
DA:95,25
DA:96,1
DA:97,1
DA:98,1
DA:100,1
DA:101,1
DA:105,25
DA:106,0
DA:107,0
DA:111,25
DA:112,0
DA:113,0
DA:114,0
DA:117,25
DA:118,0
DA:119,0
DA:120,0
DA:124,25
DA:125,1
DA:126,1
DA:127,1
DA:129,1
DA:130,1
DA:132,1
DA:133,1
DA:134,1
DA:139,25
DA:140,0
DA:141,0
DA:142,0
DA:143,0
DA:148,25
DA:149,0
DA:150,0
DA:151,0
DA:154,25
DA:155,0
DA:156,0
DA:157,0
DA:161,25
DA:162,0
DA:166,25
DA:167,1
DA:168,1
DA:173,25
DA:174,3
DA:175,3
DA:176,3
DA:177,1
DA:178,1
DA:181,2
DA:182,2
DA:183,2
DA:191,1
DA:199,3
DA:204,2
DA:205,1
DA:206,1
DA:207,1
DA:208,1
DA:211,1
DA:212,1
DA:213,1
DA:223,1
DA:224,1
DA:226,0
DA:228,2
DA:232,25
DA:233,0
DA:234,0
DA:255,2
DA:266,2
DA:277,2
DA:288,2
DA:298,2
DA:318,2
DA:340,0
DA:349,1
DA:363,1
DA:402,0
DA:408,0
DA:464,1
DA:475,0
LF:106
LH:80
BRDA:40,0,0,1
BRDA:40,0,1,0
BRDA:64,1,0,1
BRDA:64,1,1,0
BRDA:70,2,0,0
BRDA:70,2,1,1
BRDA:106,3,0,0
BRDA:106,3,1,0
BRDA:132,4,0,1
BRDA:132,4,1,0
BRDA:141,5,0,0
BRDA:141,5,1,0
BRDA:141,6,0,0
BRDA:141,6,1,0
BRDA:168,7,0,1
BRDA:168,7,1,0
BRDA:176,8,0,1
BRDA:176,8,1,2
BRDA:190,9,0,1
BRDA:190,9,1,1
BRDA:195,10,0,1
BRDA:195,10,1,0
BRDA:204,11,0,1
BRDA:204,11,1,1
BRDA:206,12,0,1
BRDA:206,12,1,1
BRDA:206,12,2,0
BRDA:339,13,0,21
BRDA:339,13,1,4
BRDA:341,14,0,21
BRDA:341,14,1,4
BRDA:348,15,0,4
BRDA:348,15,1,21
BRDA:350,16,0,4
BRDA:350,16,1,21
BRDA:371,17,0,0
BRDA:371,17,1,4
BRDA:384,18,0,0
BRDA:384,18,1,4
BRDA:428,19,0,0
BRDA:428,19,1,25
BRDA:441,20,0,0
BRDA:441,20,1,25
BRDA:457,21,0,0
BRDA:457,21,1,3
BRDA:457,22,0,0
BRDA:457,22,1,3
BRDA:506,23,0,2
BRDA:506,23,1,23
BRF:49
BRH:30
end_of_record
TN:
SF:src/components/CourseCard.tsx
FN:12,CourseCard
FN:51,(anonymous_1)
FNF:2
FNH:2
FNDA:55,CourseCard
FNDA:1,(anonymous_1)
DA:51,1
LF:1
LH:1
BRF:0
BRH:0
end_of_record
TN:
SF:src/components/CourseDetail.tsx
FN:20,CourseDetail
FN:37,(anonymous_1)
FN:56,(anonymous_2)
FN:70,(anonymous_3)
FN:74,(anonymous_4)
FN:78,(anonymous_5)
FN:83,(anonymous_6)
FN:98,(anonymous_7)
FN:112,(anonymous_8)
FN:131,(anonymous_9)
FN:181,(anonymous_10)
FN:182,(anonymous_11)
FN:183,(anonymous_12)
FN:184,(anonymous_13)
FN:185,(anonymous_14)
FN:186,(anonymous_15)
FN:187,(anonymous_16)
FN:190,(anonymous_17)
FN:211,(anonymous_18)
FN:232,(anonymous_19)
FN:242,(anonymous_20)
FNF:21
FNH:13
FNDA:12,CourseDetail
FNDA:3,(anonymous_1)
FNDA:1,(anonymous_2)
FNDA:1,(anonymous_3)
FNDA:2,(anonymous_4)
FNDA:2,(anonymous_5)
FNDA:1,(anonymous_6)
FNDA:1,(anonymous_7)
FNDA:1,(anonymous_8)
FNDA:0,(anonymous_9)
FNDA:1,(anonymous_10)
FNDA:0,(anonymous_11)
FNDA:0,(anonymous_12)
FNDA:0,(anonymous_13)
FNDA:0,(anonymous_14)
FNDA:0,(anonymous_15)
FNDA:0,(anonymous_16)
FNDA:0,(anonymous_17)
FNDA:18,(anonymous_18)
FNDA:9,(anonymous_19)
FNDA:1,(anonymous_20)
DA:21,12
DA:22,12
DA:23,12
DA:24,12
DA:25,12
DA:26,12
DA:35,12
DA:37,12
DA:38,3
DA:39,3
DA:40,1
DA:41,1
DA:50,1
DA:51,1
DA:54,2
DA:55,2
DA:57,1
DA:58,1
DA:59,1
DA:68,1
DA:71,1
DA:72,1
DA:75,2
DA:76,2
DA:78,2
DA:79,2
DA:83,12
DA:84,1
DA:85,1
DA:86,1
DA:87,1
DA:88,1
DA:89,1
DA:90,0
DA:92,0
DA:94,1
DA:98,12
DA:99,1
DA:100,1
DA:109,1
DA:112,12
DA:113,1
DA:114,1
DA:115,1
DA:116,1
DA:125,1
DA:126,1
DA:130,1
DA:131,0
DA:132,0
DA:133,0
DA:135,1
DA:136,1
DA:137,1
DA:138,1
DA:140,0
DA:141,0
DA:143,1
DA:181,1
DA:182,0
DA:183,0
DA:184,0
DA:185,0
DA:186,0
DA:187,0
DA:190,0
DA:211,18
DA:232,9
DA:242,1
LF:69
LH:55
BRDA:20,0,0,12
BRDA:20,1,0,12
BRDA:39,2,0,1
BRDA:39,2,1,2
BRDA:42,3,0,1
BRDA:42,3,1,0
BRDA:43,4,0,1
BRDA:43,4,1,0
BRDA:44,5,0,1
BRDA:44,5,1,0
BRDA:45,6,0,1
BRDA:45,6,1,0
BRDA:46,7,0,1
BRDA:46,7,1,0
BRDA:47,8,0,1
BRDA:47,8,1,0
BRDA:48,9,0,1
BRDA:48,9,1,0
BRDA:57,10,0,0
BRDA:57,10,1,1
BRDA:60,11,0,1
BRDA:60,11,1,0
BRDA:61,12,0,1
BRDA:61,12,1,0
BRDA:62,13,0,1
BRDA:62,13,1,0
BRDA:63,14,0,1
BRDA:63,14,1,0
BRDA:64,15,0,1
BRDA:64,15,1,0
BRDA:65,16,0,1
BRDA:65,16,1,0
BRDA:66,17,0,1
BRDA:66,17,1,0
BRDA:71,18,0,0
BRDA:71,18,1,1
BRDA:72,19,0,1
BRDA:72,19,1,0
BRDA:75,20,0,0
BRDA:75,20,1,2
BRDA:84,21,0,0
BRDA:84,21,1,1
BRDA:85,22,0,0
BRDA:85,22,1,1
BRDA:89,23,0,1
BRDA:89,23,1,0
BRDA:90,24,0,0
BRDA:90,24,1,0
BRDA:92,25,0,0
BRDA:92,25,1,0
BRDA:99,26,0,0
BRDA:99,26,1,1
BRDA:101,27,0,1
BRDA:101,27,1,0
BRDA:102,28,0,1
BRDA:102,28,1,0
BRDA:103,29,0,1
BRDA:103,29,1,0
BRDA:104,30,0,1
BRDA:104,30,1,0
BRDA:105,31,0,1
BRDA:105,31,1,0
BRDA:106,32,0,1
BRDA:106,32,1,0
BRDA:107,33,0,1
BRDA:107,33,1,0
BRDA:113,34,0,0
BRDA:113,34,1,1
BRDA:130,35,0,0
BRDA:130,35,1,1
BRDA:133,36,0,0
BRDA:133,36,1,0
BRDA:133,36,2,0
BRDA:138,37,0,1
BRDA:138,37,1,0
BRDA:141,38,0,0
BRDA:141,38,1,0
BRDA:170,39,0,1
BRDA:170,39,1,7
BRDA:178,40,0,3
BRDA:178,40,1,6
BRDA:191,41,0,1
BRDA:191,41,1,2
BRDA:199,42,0,12
BRDA:199,42,1,0
BRDA:203,43,0,12
BRDA:203,43,1,0
BRDA:204,44,0,12
BRDA:204,44,1,0
BRDA:211,45,0,12
BRDA:211,45,1,0
BRDA:211,46,0,18
BRDA:211,46,1,0
BRDA:213,47,0,12
BRDA:213,47,1,0
BRDA:222,48,0,12
BRDA:222,48,1,0
BRDA:228,49,0,12
BRDA:228,49,1,0
BRDA:231,50,0,12
BRDA:231,50,1,0
BRDA:232,51,0,9
BRDA:232,51,1,0
BRDA:239,52,0,9
BRDA:239,52,1,0
BRDA:239,53,0,9
BRDA:239,53,1,0
BRDA:242,54,0,1
BRDA:242,54,1,0
BRDA:246,55,0,9
BRDA:246,55,1,0
BRF:111
BRH:56
end_of_record
TN:
SF:src/components/DocumentViewer.tsx
FN:14,DocumentViewer
FN:19,(anonymous_1)
FN:47,(anonymous_2)
FN:58,(anonymous_3)
FN:69,(anonymous_4)
FNF:5
FNH:2
FNDA:3,DocumentViewer
FNDA:2,(anonymous_1)
FNDA:0,(anonymous_2)
FNDA:0,(anonymous_3)
FNDA:0,(anonymous_4)
DA:15,3
DA:17,3
DA:19,2
DA:20,2
DA:31,1
DA:40,1
DA:47,0
DA:58,0
DA:69,0
LF:9
LH:6
BRDA:17,0,0,1
BRDA:17,0,1,2
BRDA:20,1,0,1
BRDA:20,1,1,1
BRDA:31,2,0,0
BRDA:31,2,1,1
BRDA:40,3,0,1
BRDA:40,3,1,0
BRDA:40,3,2,0
BRDA:40,3,3,1
BRDA:40,3,4,NaN
BRDA:40,3,5,NaN
BRDA:40,3,6,NaN
BRDA:40,3,7,NaN
BRDA:40,3,8,NaN
BRF:15
BRH:7
end_of_record
TN:
SF:src/components/Footer.tsx
FN:1,Footer
FNF:1
FNH:1
FNDA:1,Footer
LF:0
LH:0
BRF:0
BRH:0
end_of_record
TN:
SF:src/components/Header.tsx
FN:14,Header
FN:18,(anonymous_1)
FN:23,(anonymous_2)
FNF:3
FNH:2
FNDA:4,Header
FNDA:1,(anonymous_1)
FNDA:0,(anonymous_2)
DA:15,4
DA:16,4
DA:18,4
DA:19,1
DA:20,1
DA:23,4
DA:24,0
DA:25,0
LF:8
LH:6
BRF:0
BRH:0
end_of_record
TN:
SF:src/components/ImageWithFallback.tsx
FN:6,ImageWithFallback
FN:9,(anonymous_1)
FNF:2
FNH:0
FNDA:0,ImageWithFallback
FNDA:0,(anonymous_1)
DA:4,0
DA:7,0
DA:9,0
DA:10,0
DA:13,0
LF:5
LH:0
BRDA:17,0,0,0
BRDA:17,0,1,0
BRF:2
BRH:0
end_of_record
TN:
SF:src/components/LoginDialog.tsx
FN:12,LoginDialog
FN:17,(anonymous_1)
FN:61,(anonymous_2)
FN:73,(anonymous_3)
FNF:4
FNH:4
FNDA:9,LoginDialog
FNDA:2,(anonymous_1)
FNDA:2,(anonymous_2)
FNDA:2,(anonymous_3)
DA:13,9
DA:14,9
DA:15,9
DA:17,9
DA:18,2
DA:19,2
DA:20,2
DA:21,2
DA:22,2
DA:27,2
DA:28,2
DA:29,1
DA:30,1
DA:32,1
DA:33,1
DA:35,1
DA:37,0
DA:61,2
DA:73,2
LF:19
LH:18
BRDA:28,0,0,1
BRDA:28,0,1,1
BRDA:29,1,0,1
BRDA:29,1,1,0
BRDA:32,2,0,1
BRDA:32,2,1,0
BRF:6
BRH:4
end_of_record
TN:
SF:src/components/RegisterDialog.tsx
FN:12,RegisterDialog
FN:22,(anonymous_1)
FN:27,(anonymous_2)
FN:41,(anonymous_3)
FN:70,(anonymous_4)
FN:75,(anonymous_5)
FN:80,(anonymous_6)
FN:85,(anonymous_7)
FNF:8
FNH:0
FNDA:0,RegisterDialog
FNDA:0,(anonymous_1)
FNDA:0,(anonymous_2)
FNDA:0,(anonymous_3)
FNDA:0,(anonymous_4)
FNDA:0,(anonymous_5)
FNDA:0,(anonymous_6)
FNDA:0,(anonymous_7)
DA:13,0
DA:14,0
DA:15,0
DA:16,0
DA:17,0
DA:18,0
DA:19,0
DA:20,0
DA:22,0
DA:23,0
DA:24,0
DA:27,0
DA:28,0
DA:29,0
DA:30,0
DA:31,0
DA:32,0
DA:34,0
DA:35,0
DA:36,0
DA:38,0
DA:39,0
DA:40,0
DA:41,0
DA:42,0
DA:43,0
DA:44,0
DA:46,0
DA:47,0
DA:49,0
DA:51,0
DA:55,0
DA:70,0
DA:75,0
DA:80,0
DA:85,0
LF:36
LH:0
BRDA:24,0,0,0
BRDA:24,0,1,0
BRDA:30,1,0,0
BRDA:30,1,1,0
BRDA:30,2,0,0
BRDA:30,2,1,0
BRDA:34,3,0,0
BRDA:34,3,1,0
BRDA:40,4,0,0
BRDA:40,4,1,0
BRDA:42,5,0,0
BRDA:42,5,1,0
BRDA:43,6,0,0
BRDA:43,6,1,0
BRDA:43,6,2,0
BRDA:55,7,0,0
BRDA:55,7,1,0
BRDA:93,8,0,0
BRDA:93,8,1,0
BRF:19
BRH:0
end_of_record
TN:
SF:src/components/SearchFilters.tsx
FN:18,SearchFilters
FN:42,(anonymous_1)
FNF:2
FNH:2
FNDA:1,SearchFilters
FNDA:1,(anonymous_1)
DA:29,1
DA:42,1
LF:2
LH:2
BRDA:29,0,0,1
BRDA:29,0,1,0
BRDA:29,0,2,0
BRDA:88,1,0,1
BRDA:88,1,1,0
BRF:5
BRH:2
end_of_record
TN:
SF:src/lib/api.ts
FN:3,apiFetch
FN:15,getCourse
FN:26,(anonymous_2)
FN:33,deleteCourse
FN:40,(anonymous_4)
FN:46,registerUser
FNF:6
FNH:3
FNDA:4,apiFetch
FNDA:4,getCourse
FNDA:0,(anonymous_2)
FNDA:2,deleteCourse
FNDA:0,(anonymous_4)
FNDA:0,registerUser
DA:1,4
DA:4,4
DA:5,4
DA:6,4
DA:7,4
DA:8,3
DA:10,4
DA:11,4
DA:12,4
DA:16,4
DA:17,4
DA:18,0
DA:20,4
DA:21,4
DA:22,2
DA:24,2
DA:25,2
DA:26,1
DA:27,1
DA:28,1
DA:30,1
DA:34,2
DA:35,2
DA:36,2
DA:37,2
DA:38,2
DA:39,2
DA:40,1
DA:41,1
DA:43,1
DA:47,0
DA:48,0
DA:49,0
DA:55,0
LF:34
LH:29
BRDA:1,0,0,4
BRDA:1,0,1,0
BRDA:3,1,0,4
BRDA:5,2,0,4
BRDA:5,2,1,4
BRDA:6,3,0,2
BRDA:6,3,1,2
BRDA:7,4,0,3
BRDA:7,4,1,1
BRDA:7,5,0,4
BRDA:7,5,1,4
BRDA:17,6,0,0
BRDA:17,6,1,4
BRDA:17,7,0,4
BRDA:17,7,1,0
BRDA:18,8,0,0
BRDA:18,8,1,0
BRDA:18,8,2,0
BRDA:21,9,0,2
BRDA:21,9,1,2
BRDA:21,10,0,4
BRDA:21,10,1,4
BRDA:25,11,0,1
BRDA:25,11,1,1
BRDA:27,12,0,1
BRDA:27,12,1,0
BRDA:27,12,2,0
BRDA:35,13,0,0
BRDA:35,13,1,2
BRDA:35,14,0,2
BRDA:35,14,1,0
BRDA:35,15,0,0
BRDA:35,15,1,0
BRDA:35,15,2,0
BRDA:37,16,0,0
BRDA:37,16,1,2
BRDA:37,17,0,2
BRDA:37,17,1,2
BRDA:39,18,0,1
BRDA:39,18,1,1
BRDA:41,19,0,1
BRDA:41,19,1,1
BRDA:41,19,2,0
BRDA:47,20,0,0
BRDA:47,20,1,0
BRDA:47,20,2,0
BRF:46
BRH:28
end_of_record
