TN:
SF:src/App.tsx
FN:23,App
FN:38,(anonymous_1)
FN:45,(anonymous_2)
FN:47,(anonymous_3)
FN:68,(anonymous_4)
FN:71,(anonymous_5)
FN:77,(anonymous_6)
FN:85,(anonymous_7)
FN:106,(anonymous_8)
FN:110,(anonymous_9)
FN:115,(anonymous_10)
FN:119,(anonymous_11)
FN:126,(anonymous_12)
FN:143,(anonymous_13)
FN:148,(anonymous_14)
FN:149,(anonymous_15)
FN:152,(anonymous_16)
FN:187,(anonymous_17)
FN:188,(anonymous_18)
FN:188,(anonymous_19)
FN:192,(anonymous_20)
FN:193,(anonymous_21)
FN:193,(anonymous_22)
FN:216,(anonymous_23)
FN:255,(anonymous_24)
FN:301,(anonymous_25)
FN:301,(anonymous_26)
FN:316,(anonymous_27)
FN:332,(anonymous_28)
FN:332,(anonymous_29)
FN:354,(anonymous_30)
FNF:31
FNH:19
FNDA:15,App
FNDA:2,(anonymous_1)
FNDA:2,(anonymous_2)
FNDA:2,(anonymous_3)
FNDA:2,(anonymous_4)
FNDA:0,(anonymous_5)
FNDA:1,(anonymous_6)
FNDA:1,(anonymous_7)
FNDA:1,(anonymous_8)
FNDA:1,(anonymous_9)
FNDA:1,(anonymous_10)
FNDA:1,(anonymous_11)
FNDA:146,(anonymous_12)
FNDA:4,(anonymous_13)
FNDA:146,(anonymous_14)
FNDA:146,(anonymous_15)
FNDA:7,(anonymous_16)
FNDA:0,(anonymous_17)
FNDA:0,(anonymous_18)
FNDA:0,(anonymous_19)
FNDA:0,(anonymous_20)
FNDA:0,(anonymous_21)
FNDA:0,(anonymous_22)
FNDA:1,(anonymous_23)
FNDA:1,(anonymous_24)
FNDA:0,(anonymous_25)
FNDA:0,(anonymous_26)
FNDA:0,(anonymous_27)
FNDA:0,(anonymous_28)
FNDA:0,(anonymous_29)
FNDA:1,(anonymous_30)
DA:24,15
DA:25,15
DA:26,15
DA:27,15
DA:28,15
DA:29,15
DA:30,15
DA:31,15
DA:32,15
DA:33,15
DA:34,15
DA:35,15
DA:36,15
DA:38,15
DA:39,2
DA:40,2
DA:41,2
DA:42,2
DA:45,15
DA:46,2
DA:47,2
DA:48,2
DA:49,2
DA:50,2
DA:56,2
DA:57,1
DA:58,1
DA:60,1
DA:61,1
DA:62,1
DA:63,2
DA:65,0
DA:68,2
DA:71,15
DA:72,0
DA:73,0
DA:74,0
DA:77,15
DA:78,1
DA:79,1
DA:80,1
DA:81,1
DA:82,1
DA:85,15
DA:86,1
DA:87,0
DA:88,0
DA:90,1
DA:91,1
DA:92,1
DA:93,1
DA:94,0
DA:95,0
DA:96,0
DA:98,1
DA:99,1
DA:101,0
DA:102,0
DA:106,15
DA:107,1
DA:110,15
DA:111,1
DA:112,1
DA:115,15
DA:116,1
DA:119,15
DA:120,1
DA:121,1
DA:122,1
DA:126,15
DA:127,146
DA:130,146
DA:131,146
DA:133,146
DA:137,15
DA:138,15
DA:139,15
DA:140,15
DA:143,15
DA:144,4
DA:148,146
DA:149,146
DA:152,15
DA:153,7
DA:154,7
DA:156,7
DA:157,7
DA:158,14
DA:161,0
DA:162,0
DA:163,0
DA:165,0
DA:166,0
DA:167,0
DA:168,0
DA:169,0
DA:170,0
DA:171,0
DA:174,0
DA:175,0
DA:176,0
DA:177,0
DA:179,0
DA:180,0
DA:184,7
DA:187,15
DA:188,0
DA:189,0
DA:192,15
DA:193,0
DA:194,0
DA:198,15
DA:199,3
DA:216,1
DA:255,1
DA:301,0
DA:316,0
DA:332,0
DA:354,1
LF:119
LH:85
BRDA:56,0,0,1
BRDA:56,0,1,1
BRDA:61,1,0,0
BRDA:61,1,1,1
BRDA:62,2,0,1
BRDA:62,2,1,0
BRDA:62,3,0,0
BRDA:62,3,1,0
BRDA:86,4,0,0
BRDA:86,4,1,1
BRDA:93,5,0,0
BRDA:93,5,1,1
BRDA:127,6,0,146
BRDA:127,6,1,22
BRDA:127,6,2,22
BRDA:130,7,0,146
BRDA:130,7,1,0
BRDA:131,8,0,146
BRDA:131,8,1,0
BRDA:133,9,0,146
BRDA:133,9,1,124
BRDA:133,9,2,124
BRDA:156,10,0,7
BRDA:156,10,1,0
BRDA:161,11,0,0
BRDA:161,11,1,0
BRDA:167,12,0,0
BRDA:167,12,1,0
BRDA:193,13,0,0
BRDA:193,13,1,0
BRDA:198,14,0,3
BRDA:198,14,1,12
BRDA:199,15,0,3
BRDA:199,15,1,0
BRDA:199,15,2,0
BRDA:267,16,0,7
BRDA:267,16,1,5
BRDA:303,17,0,7
BRDA:303,17,1,0
BRDA:319,18,0,7
BRDA:319,18,1,7
BRDA:334,19,0,0
BRDA:334,19,1,7
BRF:43
BRH:24
end_of_record
TN:
SF:src/main.tsx
FNF:0
FNH:0
LF:0
LH:0
BRF:0
BRH:0
end_of_record
TN:
SF:src/components/AboutSection.tsx
FN:4,AboutSection
FNF:1
FNH:1
FNDA:1,AboutSection
LF:0
LH:0
BRF:0
BRH:0
end_of_record
TN:
SF:src/components/AddCourseDialog.tsx
FN:20,AddCourseDialog
FN:39,(anonymous_1)
FN:68,(anonymous_2)
FN:78,(anonymous_3)
FN:79,(anonymous_4)
FN:90,(anonymous_5)
FN:95,(anonymous_6)
FN:105,(anonymous_7)
FN:111,(anonymous_8)
FN:117,(anonymous_9)
FN:124,(anonymous_10)
FN:130,(anonymous_11)
FN:139,(anonymous_12)
FN:148,(anonymous_13)
FN:154,(anonymous_14)
FN:161,(anonymous_15)
FN:162,(anonymous_16)
FN:166,(anonymous_17)
FN:167,(anonymous_18)
FN:173,(anonymous_19)
FN:191,(anonymous_20)
FN:205,(anonymous_21)
FN:232,(anonymous_22)
FN:255,(anonymous_23)
FN:266,(anonymous_24)
FN:277,(anonymous_25)
FN:288,(anonymous_26)
FN:298,(anonymous_27)
FN:318,(anonymous_28)
FN:340,(anonymous_29)
FN:349,(anonymous_30)
FN:363,(anonymous_31)
FN:402,(anonymous_32)
FN:408,(anonymous_33)
FN:464,(anonymous_34)
FN:475,(anonymous_35)
FNF:36
FNH:22
FNDA:25,AddCourseDialog
FNDA:1,(anonymous_1)
FNDA:1,(anonymous_2)
FNDA:1,(anonymous_3)
FNDA:1,(anonymous_4)
FNDA:1,(anonymous_5)
FNDA:1,(anonymous_6)
FNDA:0,(anonymous_7)
FNDA:0,(anonymous_8)
FNDA:0,(anonymous_9)
FNDA:1,(anonymous_10)
FNDA:1,(anonymous_11)
FNDA:0,(anonymous_12)
FNDA:0,(anonymous_13)
FNDA:0,(anonymous_14)
FNDA:0,(anonymous_15)
FNDA:0,(anonymous_16)
FNDA:1,(anonymous_17)
FNDA:1,(anonymous_18)
FNDA:3,(anonymous_19)
FNDA:1,(anonymous_20)
FNDA:0,(anonymous_21)
FNDA:0,(anonymous_22)
FNDA:2,(anonymous_23)
FNDA:2,(anonymous_24)
FNDA:2,(anonymous_25)
FNDA:2,(anonymous_26)
FNDA:2,(anonymous_27)
FNDA:2,(anonymous_28)
FNDA:0,(anonymous_29)
FNDA:1,(anonymous_30)
FNDA:1,(anonymous_31)
FNDA:0,(anonymous_32)
FNDA:0,(anonymous_33)
FNDA:1,(anonymous_34)
FNDA:0,(anonymous_35)
DA:21,25
DA:31,25
DA:32,25
DA:33,25
DA:34,25
DA:35,25
DA:36,25
DA:39,25
DA:40,1
DA:41,1
DA:64,1
DA:68,25
DA:69,1
DA:70,1
DA:71,1
DA:72,1
DA:73,1
DA:74,1
DA:78,25
DA:79,1
DA:80,1
DA:82,1
DA:90,1
DA:95,25
DA:96,1
DA:97,1
DA:98,1
DA:100,1
DA:101,1
DA:105,25
DA:106,0
DA:107,0
DA:111,25
DA:112,0
DA:113,0
DA:114,0
DA:117,25
DA:118,0
DA:119,0
DA:120,0
DA:124,25
DA:125,1
DA:126,1
DA:127,1
DA:129,1
DA:130,1
DA:132,1
DA:133,1
DA:134,1
DA:139,25
DA:140,0
DA:141,0
DA:142,0
DA:143,0
DA:148,25
DA:149,0
DA:150,0
DA:151,0
DA:154,25
DA:155,0
DA:156,0
DA:157,0
DA:161,25
DA:162,0
DA:166,25
DA:167,1
DA:168,1
DA:173,25
DA:174,3
DA:175,3
DA:176,3
DA:177,1
DA:178,1
DA:181,2
DA:182,2
DA:183,2
DA:191,1
DA:199,3
DA:204,2
DA:205,1
DA:206,1
DA:207,1
DA:208,1
DA:211,1
DA:212,1
DA:213,1
DA:223,1
DA:224,1
DA:226,0
DA:228,2
DA:232,25
DA:233,0
DA:234,0
DA:255,2
DA:266,2
DA:277,2
DA:288,2
DA:298,2
DA:318,2
DA:340,0
DA:349,1
DA:363,1
DA:402,0
DA:408,0
DA:464,1
DA:475,0
LF:106
LH:80
BRDA:40,0,0,1
BRDA:40,0,1,0
BRDA:64,1,0,1
BRDA:64,1,1,0
BRDA:70,2,0,0
BRDA:70,2,1,1
BRDA:106,3,0,0
BRDA:106,3,1,0
BRDA:132,4,0,1
BRDA:132,4,1,0
BRDA:141,5,0,0
BRDA:141,5,1,0
BRDA:141,6,0,0
BRDA:141,6,1,0
BRDA:168,7,0,1
BRDA:168,7,1,0
BRDA:176,8,0,1
BRDA:176,8,1,2
BRDA:190,9,0,1
BRDA:190,9,1,1
BRDA:195,10,0,1
BRDA:195,10,1,0
BRDA:204,11,0,1
BRDA:204,11,1,1
BRDA:206,12,0,1
BRDA:206,12,1,1
BRDA:206,12,2,0
BRDA:339,13,0,21
BRDA:339,13,1,4
BRDA:341,14,0,21
BRDA:341,14,1,4
BRDA:348,15,0,4
BRDA:348,15,1,21
BRDA:350,16,0,4
BRDA:350,16,1,21
BRDA:371,17,0,0
BRDA:371,17,1,4
BRDA:384,18,0,0
BRDA:384,18,1,4
BRDA:428,19,0,0
BRDA:428,19,1,25
BRDA:441,20,0,0
BRDA:441,20,1,25
BRDA:457,21,0,0
BRDA:457,21,1,3
BRDA:457,22,0,0
BRDA:457,22,1,3
BRDA:506,23,0,2
BRDA:506,23,1,23
BRF:49
BRH:30
end_of_record
TN:
SF:src/components/CourseCard.tsx
FN:12,CourseCard
FN:51,(anonymous_1)
FNF:2
FNH:2
FNDA:55,CourseCard
FNDA:1,(anonymous_1)
DA:51,1
LF:1
LH:1
BRF:0
BRH:0
end_of_record
TN:
SF:src/components/CourseDetail.tsx
FN:22,CourseDetail
FN:42,(anonymous_1)
FN:61,(anonymous_2)
FN:75,(anonymous_3)
FN:79,(anonymous_4)
FN:83,(anonymous_5)
FN:88,(anonymous_6)
FN:103,(anonymous_7)
FN:117,(anonymous_8)
FN:136,(anonymous_9)
FN:186,(anonymous_10)
FN:187,(anonymous_11)
FN:188,(anonymous_12)
FN:189,(anonymous_13)
FN:190,(anonymous_14)
FN:191,(anonymous_15)
FN:192,(anonymous_16)
FN:195,(anonymous_17)
FN:216,(anonymous_18)
FN:237,(anonymous_19)
FN:247,(anonymous_20)
FNF:21
FNH:13
FNDA:12,CourseDetail
FNDA:3,(anonymous_1)
FNDA:1,(anonymous_2)
FNDA:1,(anonymous_3)
FNDA:2,(anonymous_4)
FNDA:2,(anonymous_5)
FNDA:1,(anonymous_6)
FNDA:1,(anonymous_7)
FNDA:1,(anonymous_8)
FNDA:0,(anonymous_9)
FNDA:1,(anonymous_10)
FNDA:0,(anonymous_11)
FNDA:0,(anonymous_12)
FNDA:0,(anonymous_13)
FNDA:0,(anonymous_14)
FNDA:0,(anonymous_15)
FNDA:0,(anonymous_16)
FNDA:0,(anonymous_17)
FNDA:18,(anonymous_18)
FNDA:9,(anonymous_19)
FNDA:1,(anonymous_20)
DA:23,12
DA:24,12
DA:25,12
DA:26,12
DA:27,12
DA:28,12
DA:37,12
DA:39,12
DA:40,12
DA:42,12
DA:43,3
DA:44,3
DA:45,1
DA:46,1
DA:55,1
DA:56,1
DA:59,2
DA:60,2
DA:62,1
DA:63,1
DA:64,1
DA:73,1
DA:76,1
DA:77,1
DA:80,2
DA:81,2
DA:83,2
DA:84,2
DA:88,12
DA:89,1
DA:90,1
DA:91,1
DA:92,1
DA:93,1
DA:94,1
DA:95,0
DA:97,0
DA:99,1
DA:103,12
DA:104,1
DA:105,1
DA:114,1
DA:117,12
DA:118,1
DA:119,1
DA:120,1
DA:121,1
DA:130,1
DA:131,1
DA:135,1
DA:136,0
DA:137,0
DA:138,0
DA:140,1
DA:141,1
DA:142,1
DA:143,1
DA:145,0
DA:146,0
DA:148,1
DA:186,1
DA:187,0
DA:188,0
DA:189,0
DA:190,0
DA:191,0
DA:192,0
DA:195,0
DA:216,18
DA:237,9
DA:247,1
LF:71
LH:57
BRDA:22,0,0,12
BRDA:22,1,0,12
BRDA:22,2,0,12
BRDA:22,3,0,12
BRDA:39,4,0,12
BRDA:39,4,1,12
BRDA:39,4,2,12
BRDA:40,5,0,12
BRDA:40,5,1,12
BRDA:44,6,0,1
BRDA:44,6,1,2
BRDA:47,7,0,1
BRDA:47,7,1,0
BRDA:48,8,0,1
BRDA:48,8,1,0
BRDA:49,9,0,1
BRDA:49,9,1,0
BRDA:50,10,0,1
BRDA:50,10,1,0
BRDA:51,11,0,1
BRDA:51,11,1,0
BRDA:52,12,0,1
BRDA:52,12,1,0
BRDA:53,13,0,1
BRDA:53,13,1,0
BRDA:62,14,0,0
BRDA:62,14,1,1
BRDA:65,15,0,1
BRDA:65,15,1,0
BRDA:66,16,0,1
BRDA:66,16,1,0
BRDA:67,17,0,1
BRDA:67,17,1,0
BRDA:68,18,0,1
BRDA:68,18,1,0
BRDA:69,19,0,1
BRDA:69,19,1,0
BRDA:70,20,0,1
BRDA:70,20,1,0
BRDA:71,21,0,1
BRDA:71,21,1,0
BRDA:76,22,0,0
BRDA:76,22,1,1
BRDA:77,23,0,1
BRDA:77,23,1,0
BRDA:80,24,0,0
BRDA:80,24,1,2
BRDA:89,25,0,0
BRDA:89,25,1,1
BRDA:90,26,0,0
BRDA:90,26,1,1
BRDA:94,27,0,1
BRDA:94,27,1,0
BRDA:95,28,0,0
BRDA:95,28,1,0
BRDA:97,29,0,0
BRDA:97,29,1,0
BRDA:104,30,0,0
BRDA:104,30,1,1
BRDA:106,31,0,1
BRDA:106,31,1,0
BRDA:107,32,0,1
BRDA:107,32,1,0
BRDA:108,33,0,1
BRDA:108,33,1,0
BRDA:109,34,0,1
BRDA:109,34,1,0
BRDA:110,35,0,1
BRDA:110,35,1,0
BRDA:111,36,0,1
BRDA:111,36,1,0
BRDA:112,37,0,1
BRDA:112,37,1,0
BRDA:118,38,0,0
BRDA:118,38,1,1
BRDA:135,39,0,0
BRDA:135,39,1,1
BRDA:138,40,0,0
BRDA:138,40,1,0
BRDA:138,40,2,0
BRDA:143,41,0,1
BRDA:143,41,1,0
BRDA:146,42,0,0
BRDA:146,42,1,0
BRDA:175,43,0,1
BRDA:175,43,1,7
BRDA:183,44,0,3
BRDA:183,44,1,6
BRDA:196,45,0,1
BRDA:196,45,1,2
BRDA:204,46,0,12
BRDA:204,46,1,0
BRDA:208,47,0,12
BRDA:208,47,1,0
BRDA:209,48,0,12
BRDA:209,48,1,0
BRDA:216,49,0,12
BRDA:216,49,1,0
BRDA:216,50,0,18
BRDA:216,50,1,0
BRDA:218,51,0,12
BRDA:218,51,1,0
BRDA:227,52,0,12
BRDA:227,52,1,0
BRDA:233,53,0,12
BRDA:233,53,1,0
BRDA:236,54,0,12
BRDA:236,54,1,0
BRDA:237,55,0,9
BRDA:237,55,1,0
BRDA:244,56,0,9
BRDA:244,56,1,0
BRDA:244,57,0,9
BRDA:244,57,1,0
BRDA:247,58,0,1
BRDA:247,58,1,0
BRDA:251,59,0,9
BRDA:251,59,1,0
BRF:118
BRH:63
end_of_record
TN:
SF:src/components/DocumentViewer.tsx
FN:14,DocumentViewer
FN:19,(anonymous_1)
FN:47,(anonymous_2)
FN:58,(anonymous_3)
FN:69,(anonymous_4)
FNF:5
FNH:2
FNDA:3,DocumentViewer
FNDA:2,(anonymous_1)
FNDA:0,(anonymous_2)
FNDA:0,(anonymous_3)
FNDA:0,(anonymous_4)
DA:15,3
DA:17,3
DA:19,2
DA:20,2
DA:31,1
DA:40,1
DA:47,0
DA:58,0
DA:69,0
LF:9
LH:6
BRDA:17,0,0,1
BRDA:17,0,1,2
BRDA:20,1,0,1
BRDA:20,1,1,1
BRDA:31,2,0,0
BRDA:31,2,1,1
BRDA:40,3,0,1
BRDA:40,3,1,0
BRDA:40,3,2,0
BRDA:40,3,3,1
BRDA:40,3,4,NaN
BRDA:40,3,5,NaN
BRDA:40,3,6,NaN
BRDA:40,3,7,NaN
BRDA:40,3,8,NaN
BRF:15
BRH:7
end_of_record
TN:
SF:src/components/Footer.tsx
FN:1,Footer
FNF:1
FNH:1
FNDA:1,Footer
LF:0
LH:0
BRF:0
BRH:0
end_of_record
TN:
SF:src/components/Header.tsx
FN:14,Header
FN:18,(anonymous_1)
FN:23,(anonymous_2)
FNF:3
FNH:2
FNDA:4,Header
FNDA:1,(anonymous_1)
FNDA:0,(anonymous_2)
DA:15,4
DA:16,4
DA:18,4
DA:19,1
DA:20,1
DA:23,4
DA:24,0
DA:25,0
LF:8
LH:6
BRF:0
BRH:0
end_of_record
TN:
SF:src/components/ImageWithFallback.tsx
FN:6,ImageWithFallback
FN:9,(anonymous_1)
FNF:2
FNH:0
FNDA:0,ImageWithFallback
FNDA:0,(anonymous_1)
DA:4,0
DA:7,0
DA:9,0
DA:10,0
DA:13,0
LF:5
LH:0
BRDA:17,0,0,0
BRDA:17,0,1,0
BRF:2
BRH:0
end_of_record
TN:
SF:src/components/LoginDialog.tsx
FN:12,LoginDialog
FN:17,(anonymous_1)
FN:63,(anonymous_2)
FN:75,(anonymous_3)
FNF:4
FNH:4
FNDA:9,LoginDialog
FNDA:2,(anonymous_1)
FNDA:2,(anonymous_2)
FNDA:2,(anonymous_3)
DA:13,9
DA:14,9
DA:15,9
DA:17,9
DA:18,2
DA:19,2
DA:20,2
DA:21,2
DA:22,2
DA:27,2
DA:28,2
DA:29,1
DA:30,1
DA:32,1
DA:33,1
DA:35,1
DA:36,1
DA:37,2
DA:39,0
DA:63,2
DA:75,2
LF:21
LH:20
BRDA:28,0,0,1
BRDA:28,0,1,1
BRDA:29,1,0,1
BRDA:29,1,1,0
BRDA:32,2,0,1
BRDA:32,2,1,0
BRDA:35,3,0,0
BRDA:35,3,1,1
BRDA:36,4,0,0
BRDA:36,4,1,1
BRF:10
BRH:6
end_of_record
TN:
SF:src/components/RegisterDialog.tsx
FN:12,RegisterDialog
FN:22,(anonymous_1)
FN:27,(anonymous_2)
FN:41,(anonymous_3)
FN:70,(anonymous_4)
FN:75,(anonymous_5)
FN:80,(anonymous_6)
FN:85,(anonymous_7)
FNF:8
FNH:0
FNDA:0,RegisterDialog
FNDA:0,(anonymous_1)
FNDA:0,(anonymous_2)
FNDA:0,(anonymous_3)
FNDA:0,(anonymous_4)
FNDA:0,(anonymous_5)
FNDA:0,(anonymous_6)
FNDA:0,(anonymous_7)
DA:13,0
DA:14,0
DA:15,0
DA:16,0
DA:17,0
DA:18,0
DA:19,0
DA:20,0
DA:22,0
DA:23,0
DA:24,0
DA:27,0
DA:28,0
DA:29,0
DA:30,0
DA:31,0
DA:32,0
DA:34,0
DA:35,0
DA:36,0
DA:38,0
DA:39,0
DA:40,0
DA:41,0
DA:42,0
DA:43,0
DA:44,0
DA:46,0
DA:47,0
DA:49,0
DA:51,0
DA:55,0
DA:70,0
DA:75,0
DA:80,0
DA:85,0
LF:36
LH:0
BRDA:24,0,0,0
BRDA:24,0,1,0
BRDA:30,1,0,0
BRDA:30,1,1,0
BRDA:30,2,0,0
BRDA:30,2,1,0
BRDA:34,3,0,0
BRDA:34,3,1,0
BRDA:40,4,0,0
BRDA:40,4,1,0
BRDA:42,5,0,0
BRDA:42,5,1,0
BRDA:43,6,0,0
BRDA:43,6,1,0
BRDA:43,6,2,0
BRDA:55,7,0,0
BRDA:55,7,1,0
BRDA:93,8,0,0
BRDA:93,8,1,0
BRF:19
BRH:0
end_of_record
TN:
SF:src/components/SearchFilters.tsx
FN:18,SearchFilters
FN:42,(anonymous_1)
FNF:2
FNH:2
FNDA:1,SearchFilters
FNDA:1,(anonymous_1)
DA:29,1
DA:42,1
LF:2
LH:2
BRDA:29,0,0,1
BRDA:29,0,1,0
BRDA:29,0,2,0
BRDA:88,1,0,1
BRDA:88,1,1,0
BRF:5
BRH:2
end_of_record
TN:
SF:src/lib/api.ts
FN:3,apiFetch
FN:15,getCourse
FN:26,(anonymous_2)
FN:33,deleteCourse
FN:40,(anonymous_4)
FN:46,registerUser
FNF:6
FNH:3
FNDA:4,apiFetch
FNDA:4,getCourse
FNDA:0,(anonymous_2)
FNDA:2,deleteCourse
FNDA:0,(anonymous_4)
FNDA:0,registerUser
DA:1,4
DA:4,4
DA:5,4
DA:6,4
DA:7,4
DA:8,3
DA:10,4
DA:11,4
DA:12,4
DA:16,4
DA:17,4
DA:18,0
DA:20,4
DA:21,4
DA:22,2
DA:24,2
DA:25,2
DA:26,1
DA:27,1
DA:28,1
DA:30,1
DA:34,2
DA:35,2
DA:36,2
DA:37,2
DA:38,2
DA:39,2
DA:40,1
DA:41,1
DA:43,1
DA:47,0
DA:48,0
DA:49,0
DA:55,0
LF:34
LH:29
BRDA:1,0,0,4
BRDA:1,0,1,0
BRDA:3,1,0,4
BRDA:5,2,0,4
BRDA:5,2,1,4
BRDA:6,3,0,2
BRDA:6,3,1,2
BRDA:7,4,0,3
BRDA:7,4,1,1
BRDA:7,5,0,4
BRDA:7,5,1,4
BRDA:17,6,0,0
BRDA:17,6,1,4
BRDA:17,7,0,4
BRDA:17,7,1,0
BRDA:18,8,0,0
BRDA:18,8,1,0
BRDA:18,8,2,0
BRDA:21,9,0,2
BRDA:21,9,1,2
BRDA:21,10,0,4
BRDA:21,10,1,4
BRDA:25,11,0,1
BRDA:25,11,1,1
BRDA:27,12,0,1
BRDA:27,12,1,0
BRDA:27,12,2,0
BRDA:35,13,0,0
BRDA:35,13,1,2
BRDA:35,14,0,2
BRDA:35,14,1,0
BRDA:35,15,0,0
BRDA:35,15,1,0
BRDA:35,15,2,0
BRDA:37,16,0,0
BRDA:37,16,1,2
BRDA:37,17,0,2
BRDA:37,17,1,2
BRDA:39,18,0,1
BRDA:39,18,1,1
BRDA:41,19,0,1
BRDA:41,19,1,1
BRDA:41,19,2,0
BRDA:47,20,0,0
BRDA:47,20,1,0
BRDA:47,20,2,0
BRF:46
BRH:28
end_of_record
